<?xml version="1.0" encoding="UTF-8"?>
<testsuite name="SILab2Test" tests="2" skipped="0" failures="0" errors="0" timestamp="2022-05-25T03:17:02" hostname="DESKTOP-CN9C9ME" time="0.022">
  <properties/>
  <testcase name="everyStatementTest()" classname="SILab2Test" time="0.02"/>
  <testcase name="everyBranchTest()" classname="SILab2Test" time="0.001"/>
  <system-out><![CDATA[]]></system-out>
  <system-err><![CDATA[]]></system-err>
</testsuite>
